0 info it worked if it ends with ok
1 verbose cli [ '/usr/local/Cellar/node/5.3.0/bin/node',
1 verbose cli   '/usr/local/bin/npm',
1 verbose cli   'run',
1 verbose cli   'build-electron' ]
2 info using npm@3.3.12
3 info using node@v5.3.0
4 verbose run-script [ 'prebuild-electron', 'build-electron', 'postbuild-electron' ]
5 info lifecycle lps.gestioneclienti.mobile@0.0.0~prebuild-electron: lps.gestioneclienti.mobile@0.0.0
6 silly lifecycle lps.gestioneclienti.mobile@0.0.0~prebuild-electron: no script for prebuild-electron, continuing
7 info lifecycle lps.gestioneclienti.mobile@0.0.0~build-electron: lps.gestioneclienti.mobile@0.0.0
8 verbose lifecycle lps.gestioneclienti.mobile@0.0.0~build-electron: unsafe-perm in lifecycle true
9 verbose lifecycle lps.gestioneclienti.mobile@0.0.0~build-electron: PATH: /usr/local/lib/node_modules/npm/bin/node-gyp-bin:/Users/federicolaggiard/Box Sync/Work/LPS/app/lps.gestioneclienti.mobile/node_modules/.bin:/usr/local/bin:/usr/bin:/bin:/usr/sbin:/sbin:/opt/X11/bin
10 verbose lifecycle lps.gestioneclienti.mobile@0.0.0~build-electron: CWD: /Users/federicolaggiard/Box Sync/Work/LPS/app/lps.gestioneclienti.mobile
11 silly lifecycle lps.gestioneclienti.mobile@0.0.0~build-electron: Args: [ '-c',
11 silly lifecycle   'node scripts/electron.js && electron-packager ./ Tallyman --platform=win32 --arch=x64' ]
12 silly lifecycle lps.gestioneclienti.mobile@0.0.0~build-electron: Returned: code: 1  signal: null
13 info lifecycle lps.gestioneclienti.mobile@0.0.0~build-electron: Failed to exec build-electron script
14 verbose stack Error: lps.gestioneclienti.mobile@0.0.0 build-electron: `node scripts/electron.js && electron-packager ./ Tallyman --platform=win32 --arch=x64`
14 verbose stack Exit status 1
14 verbose stack     at EventEmitter.<anonymous> (/usr/local/lib/node_modules/npm/lib/utils/lifecycle.js:232:16)
14 verbose stack     at emitTwo (events.js:87:13)
14 verbose stack     at EventEmitter.emit (events.js:172:7)
14 verbose stack     at ChildProcess.<anonymous> (/usr/local/lib/node_modules/npm/lib/utils/spawn.js:24:14)
14 verbose stack     at emitTwo (events.js:87:13)
14 verbose stack     at ChildProcess.emit (events.js:172:7)
14 verbose stack     at maybeClose (internal/child_process.js:818:16)
14 verbose stack     at Process.ChildProcess._handle.onexit (internal/child_process.js:211:5)
15 verbose pkgid lps.gestioneclienti.mobile@0.0.0
16 verbose cwd /Users/federicolaggiard/Box Sync/Work/LPS/app/lps.gestioneclienti.mobile
17 error Darwin 15.2.0
18 error argv "/usr/local/Cellar/node/5.3.0/bin/node" "/usr/local/bin/npm" "run" "build-electron"
19 error node v5.3.0
20 error npm  v3.3.12
21 error code ELIFECYCLE
22 error lps.gestioneclienti.mobile@0.0.0 build-electron: `node scripts/electron.js && electron-packager ./ Tallyman --platform=win32 --arch=x64`
22 error Exit status 1
23 error Failed at the lps.gestioneclienti.mobile@0.0.0 build-electron script 'node scripts/electron.js && electron-packager ./ Tallyman --platform=win32 --arch=x64'.
23 error Make sure you have the latest version of node.js and npm installed.
23 error If you do, this is most likely a problem with the lps.gestioneclienti.mobile package,
23 error not with npm itself.
23 error Tell the author that this fails on your system:
23 error     node scripts/electron.js && electron-packager ./ Tallyman --platform=win32 --arch=x64
23 error You can get their info via:
23 error     npm owner ls lps.gestioneclienti.mobile
23 error There is likely additional logging output above.
24 verbose exit [ 1, true ]
